<?xml version="1.0" encoding="UTF-8"?>
<!-- Generated by org.testng.reporters.JUnitReportReporter -->
<testsuite hostname="LAPTOP-D45J9M0C" failures="0" tests="1" name="POMExamples.Firstdemotest" time="18.371" errors="0" timestamp="2022-07-07T14:07:17 IST" skipped="0">
  <testcase classname="POMExamples.Firstdemotest" name="Takescreenshot" time="18.371"/>
  <system-out/>
</testsuite> <!-- POMExamples.Firstdemotest -->
